Start testing: Sep 25 10:37 中国标准时间
----------------------------------------------------------
1/1 Testing: minim_test
1/1 Test: minim_test
Command: "F:/c_cpp/miniIM/build/Debug/test_minim.exe"
Directory: F:/c_cpp/miniIM/build
"minim_test" start time: Sep 25 10:37 中国标准时间
Output:
----------------------------------------------------------
Running main() from F:\vcpkg\buildtrees\gtest\src\v1.17.0-0c449efaff.clean\googletest\src\gtest_main.cc
[==========] Running 1 test from 1 test suite.
[----------] Global test environment set-up.
[----------] 1 test from Day1
[ RUN      ] Day1.skeleton
[       OK ] Day1.skeleton (0 ms)
[----------] 1 test from Day1 (0 ms total)

[----------] Global test environment tear-down
[==========] 1 test from 1 test suite ran. (0 ms total)
[  PASSED  ] 1 test.
<end of output>
Test time =   0.29 sec
----------------------------------------------------------
Test Passed.
"minim_test" end time: Sep 25 10:37 中国标准时间
"minim_test" time elapsed: 00:00:00
----------------------------------------------------------

End testing: Sep 25 10:37 中国标准时间
